2022-05-02 19:07:56,608 INFO [restartedMain] c.n.l.c.CommunityApplication [StartupInfoLogger.java:55] Starting CommunityApplication using Java 1.8.0_301 on DESKTOP-H4MD43M with PID 10296 (D:\JavaFiles\community\target\classes started by Lenovo in D:\JavaFiles\nowcoder)
2022-05-02 19:07:56,608 INFO [restartedMain] c.n.l.c.CommunityApplication [SpringApplication.java:640] No active profile set, falling back to 1 default profile: "default"
2022-05-02 19:07:56,870 INFO [restartedMain] o.s.b.w.e.t.TomcatWebServer [TomcatWebServer.java:108] Tomcat initialized with port(s): 8080 (http)
2022-05-02 19:07:56,870 INFO [restartedMain] o.a.c.c.StandardService [DirectJDKLog.java:173] Starting service [Tomcat]
2022-05-02 19:07:56,870 INFO [restartedMain] o.a.c.c.StandardEngine [DirectJDKLog.java:173] Starting Servlet engine: [Apache Tomcat/9.0.62]
2022-05-02 19:07:57,233 INFO [restartedMain] o.a.c.c.C.[.[.[/] [DirectJDKLog.java:173] Initializing Spring embedded WebApplicationContext
2022-05-02 19:07:57,233 INFO [restartedMain] o.s.b.w.s.c.ServletWebServerApplicationContext [ServletWebServerApplicationContext.java:290] Root WebApplicationContext: initialization completed in 622 ms
2022-05-02 19:07:57,344 INFO [restartedMain] o.s.b.a.w.s.WelcomePageHandlerMapping [WelcomePageHandlerMapping.java:57] Adding welcome page template: index
2022-05-02 19:07:57,380 INFO [restartedMain] o.s.b.d.a.OptionalLiveReloadServer [OptionalLiveReloadServer.java:58] LiveReload server is running on port 35729
2022-05-02 19:07:57,389 INFO [restartedMain] o.s.b.w.e.t.TomcatWebServer [TomcatWebServer.java:220] Tomcat started on port(s): 8080 (http) with context path ''
2022-05-02 19:07:57,393 INFO [restartedMain] c.n.l.c.CommunityApplication [StartupInfoLogger.java:61] Started CommunityApplication in 0.867 seconds (JVM running for 396.297)
2022-05-02 19:07:57,395 INFO [restartedMain] o.s.b.d.a.ConditionEvaluationDeltaLoggingListener [ConditionEvaluationDeltaLoggingListener.java:63] Condition evaluation unchanged
2022-05-02 19:07:59,859 INFO [main] c.n.l.c.LoggerTests [StartupInfoLogger.java:55] Starting LoggerTests using Java 1.8.0_301 on DESKTOP-H4MD43M with PID 15468 (started by Lenovo in D:\JavaFiles\community)
2022-05-02 19:07:59,861 INFO [main] c.n.l.c.LoggerTests [SpringApplication.java:640] No active profile set, falling back to 1 default profile: "default"
2022-05-02 19:08:01,903 INFO [main] o.s.b.a.w.s.WelcomePageHandlerMapping [WelcomePageHandlerMapping.java:57] Adding welcome page template: index
2022-05-02 19:08:02,375 INFO [main] c.n.l.c.LoggerTests [StartupInfoLogger.java:61] Started LoggerTests in 2.91 seconds (JVM running for 4.012)
2022-05-02 19:08:02,697 INFO [main] c.n.l.c.LoggerTests [LoggerTests.java:26] info log
2022-05-02 22:14:37,700 INFO [restartedMain] c.n.l.c.CommunityApplication [StartupInfoLogger.java:55] Starting CommunityApplication using Java 1.8.0_301 on DESKTOP-H4MD43M with PID 21568 (D:\JavaFiles\community\target\classes started by Lenovo in D:\JavaFiles\nowcoder)
2022-05-02 22:14:37,701 INFO [restartedMain] c.n.l.c.CommunityApplication [SpringApplication.java:640] No active profile set, falling back to 1 default profile: "default"
2022-05-02 22:14:37,739 INFO [restartedMain] o.s.b.d.e.DevToolsPropertyDefaultsPostProcessor [DeferredLog.java:255] Devtools property defaults active! Set 'spring.devtools.add-properties' to 'false' to disable
2022-05-02 22:14:37,739 INFO [restartedMain] o.s.b.d.e.DevToolsPropertyDefaultsPostProcessor [DeferredLog.java:255] For additional web related logging consider setting the 'logging.level.web' property to 'DEBUG'
2022-05-02 22:14:38,765 INFO [restartedMain] o.s.b.w.e.t.TomcatWebServer [TomcatWebServer.java:108] Tomcat initialized with port(s): 8080 (http)
2022-05-02 22:14:38,771 INFO [restartedMain] o.a.c.h.Http11NioProtocol [DirectJDKLog.java:173] Initializing ProtocolHandler ["http-nio-8080"]
2022-05-02 22:14:38,772 INFO [restartedMain] o.a.c.c.StandardService [DirectJDKLog.java:173] Starting service [Tomcat]
2022-05-02 22:14:38,772 INFO [restartedMain] o.a.c.c.StandardEngine [DirectJDKLog.java:173] Starting Servlet engine: [Apache Tomcat/9.0.62]
2022-05-02 22:14:38,819 INFO [restartedMain] o.a.c.c.C.[.[.[/] [DirectJDKLog.java:173] Initializing Spring embedded WebApplicationContext
2022-05-02 22:14:38,819 INFO [restartedMain] o.s.b.w.s.c.ServletWebServerApplicationContext [ServletWebServerApplicationContext.java:290] Root WebApplicationContext: initialization completed in 1079 ms
2022-05-02 22:14:39,193 INFO [restartedMain] o.s.b.a.w.s.WelcomePageHandlerMapping [WelcomePageHandlerMapping.java:57] Adding welcome page template: index
2022-05-02 22:14:39,297 INFO [restartedMain] o.s.b.d.a.OptionalLiveReloadServer [OptionalLiveReloadServer.java:58] LiveReload server is running on port 35729
2022-05-02 22:14:39,310 INFO [restartedMain] o.a.c.h.Http11NioProtocol [DirectJDKLog.java:173] Starting ProtocolHandler ["http-nio-8080"]
2022-05-02 22:14:39,323 INFO [restartedMain] o.s.b.w.e.t.TomcatWebServer [TomcatWebServer.java:220] Tomcat started on port(s): 8080 (http) with context path ''
2022-05-02 22:14:39,332 INFO [restartedMain] c.n.l.c.CommunityApplication [StartupInfoLogger.java:61] Started CommunityApplication in 1.994 seconds (JVM running for 2.585)
2022-05-02 22:15:02,010 INFO [http-nio-8080-exec-1] o.a.c.c.C.[.[.[/] [DirectJDKLog.java:173] Initializing Spring DispatcherServlet 'dispatcherServlet'
2022-05-02 22:15:02,011 INFO [http-nio-8080-exec-1] o.s.w.s.DispatcherServlet [FrameworkServlet.java:525] Initializing Servlet 'dispatcherServlet'
2022-05-02 22:15:02,013 INFO [http-nio-8080-exec-1] o.s.w.s.DispatcherServlet [FrameworkServlet.java:547] Completed initialization in 1 ms
2022-05-02 22:15:02,092 INFO [http-nio-8080-exec-1] c.z.h.HikariDataSource [HikariDataSource.java:110] HikariPool-1 - Starting...
2022-05-02 22:15:02,256 INFO [http-nio-8080-exec-1] c.z.h.HikariDataSource [HikariDataSource.java:123] HikariPool-1 - Start completed.
2022-05-02 22:15:40,526 INFO [SpringApplicationShutdownHook] c.z.h.HikariDataSource [HikariDataSource.java:350] HikariPool-1 - Shutdown initiated...
2022-05-02 22:15:40,531 INFO [SpringApplicationShutdownHook] c.z.h.HikariDataSource [HikariDataSource.java:352] HikariPool-1 - Shutdown completed.
